{"level":"info","message":"Server started at port 5000.","timestamp":"2018-11-20T12:23:01.389Z"}
{"level":"info","message":"Connected to database successfully.","timestamp":"2018-11-20T12:23:01.467Z"}
{"level":"info","message":"Server started at port \\\\.\\pipe\\190cff3f-3f5e-4910-82e7-380c8d2cc0f0.","timestamp":"2019-05-02T05:21:52.385Z"}
{"message":"Database Connection Failed!","stack":"Error: Login failed for user 'dbadmin'.\n    at Connection.tedious.once.err (D:\\home\\site\\wwwroot\\node_modules\\mssql\\lib\\tedious.js:216:17)\n    at Object.onceWrapper (events.js:316:30)\n    at emitOne (events.js:115:13)\n    at Connection.emit (events.js:210:7)\n    at Connection.processLogin7Response (D:\\home\\site\\wwwroot\\node_modules\\tedious\\lib\\connection.js:1277:16)\n    at Connection.message (D:\\home\\site\\wwwroot\\node_modules\\tedious\\lib\\connection.js:1789:14)\n    at Connection.dispatchEvent (D:\\home\\site\\wwwroot\\node_modules\\tedious\\lib\\connection.js:992:38)\n    at MessageIO.<anonymous> (D:\\home\\site\\wwwroot\\node_modules\\tedious\\lib\\connection.js:886:18)\n    at emitNone (events.js:105:13)\n    at MessageIO.emit (events.js:207:7)","code":"ELOGIN","originalError":{"message":"Login failed for user 'dbadmin'.","code":"ELOGIN"},"name":"ConnectionError","level":"error","timestamp":"2019-05-02T05:21:52.635Z"}
{"level":"info","message":"Server started at port \\\\.\\pipe\\d69ff1e1-bcb3-464a-b51f-3cda2b02c772.","timestamp":"2019-05-02T05:26:18.797Z"}
{"level":"info","message":"Connected to database successfully.","timestamp":"2019-05-02T05:26:19.047Z"}
{"level":"error","message":"Internal server error Invalid object name 'dbo.SentimentAnalysisMetadata'.","timestamp":"2019-05-02T05:26:19.828Z"}
{"level":"info","message":"Server started at port \\\\.\\pipe\\e9ea03d6-6d35-4764-befe-ee737a881158.","timestamp":"2019-05-02T05:30:52.163Z"}
{"level":"info","message":"Connected to database successfully.","timestamp":"2019-05-02T05:30:52.381Z"}
{"level":"error","message":"Internal server error Invalid object name 'dbo.SentimentAnalysisMetadata'.","timestamp":"2019-05-02T05:32:11.976Z"}
level":"info","message":"Connected to database successfully.","timestamp":"2019-05-02T05:31:55.461Z"}
{"level":"info","message":"Server started at port \\\\.\\pipe\\63e0c057-dccd-46e6-bf8e-be4a4f6496e0.","timestamp":"2019-05-02T05:35:38.348Z"}
{"level":"info","message":"Connected to database successfully.","timestamp":"2019-05-02T05:35:38.597Z"}
{"level":"error","message":"Internal server error Invalid object name 'dbo.SentimentAnalysisMetadata'.","timestamp":"2019-05-02T05:48:14.820Z"}
{"level":"info","message":"Server started at port 5000.","timestamp":"2019-05-02T09:02:56.884Z"}
{"level":"info","message":"Connected to database successfully.","timestamp":"2019-05-02T09:02:57.035Z"}
{"level":"info","message":"Server started at port 5000.","timestamp":"2019-05-02T09:19:50.072Z"}
{"level":"info","message":"Connected to database successfully.","timestamp":"2019-05-02T09:19:50.137Z"}
{"level":"info","message":"Server started at port 5000.","timestamp":"2019-05-02T13:09:01.793Z"}
{"level":"info","message":"Connected to database successfully.","timestamp":"2019-05-02T13:09:01.835Z"}
{"level":"info","message":"Server started at port 5000.","timestamp":"2019-05-03T05:37:42.645Z"}
{"level":"info","message":"Connected to database successfully.","timestamp":"2019-05-03T05:37:42.691Z"}
{"level":"info","message":"Server started at port 5000.","timestamp":"2019-05-03T05:40:11.723Z"}
{"level":"info","message":"Connected to database successfully.","timestamp":"2019-05-03T05:40:11.776Z"}
{"level":"error","message":"Internal server error poolPromise is not defined","timestamp":"2019-05-03T05:41:13.807Z"}
{"level":"info","message":"Server started at port 5000.","timestamp":"2019-05-03T05:47:06.420Z"}
{"level":"info","message":"Connected to database successfully.","timestamp":"2019-05-03T05:47:06.461Z"}
{"level":"error","message":"Internal server error An expression of non-boolean type specified in a context where a condition is expected, near 'isActive'.","timestamp":"2019-05-03T05:47:08.985Z"}
{"level":"info","message":"Server started at port 5000.","timestamp":"2019-05-03T05:47:29.508Z"}
{"level":"info","message":"Connected to database successfully.","timestamp":"2019-05-03T05:47:29.572Z"}
{"level":"error","message":"Internal server error Invalid column name 'Eternus'.","timestamp":"2019-05-03T05:47:33.738Z"}
{"level":"info","message":"Server started at port 5000.","timestamp":"2019-05-03T05:47:45.988Z"}
{"level":"info","message":"Connected to database successfully.","timestamp":"2019-05-03T05:47:46.044Z"}
{"level":"info","message":"Server started at port 5000.","timestamp":"2019-05-03T05:52:31.885Z"}
{"level":"info","message":"Connected to database successfully.","timestamp":"2019-05-03T05:52:31.937Z"}
{"level":"info","message":"Server started at port 5000.","timestamp":"2019-05-03T05:52:49.326Z"}
{"level":"info","message":"Connected to database successfully.","timestamp":"2019-05-03T05:52:49.369Z"}
{"level":"info","message":"Server started at port 5000.","timestamp":"2019-05-03T05:59:30.234Z"}
{"level":"info","message":"Connected to database successfully.","timestamp":"2019-05-03T05:59:30.297Z"}
{"level":"info","message":"Server started at port 5000.","timestamp":"2019-05-03T06:09:12.319Z"}
{"level":"info","message":"Connected to database successfully.","timestamp":"2019-05-03T06:09:12.388Z"}
{"level":"info","message":"Server started at port 5000.","timestamp":"2019-05-03T06:10:27.196Z"}
{"level":"info","message":"Connected to database successfully.","timestamp":"2019-05-03T06:10:27.243Z"}
{"level":"info","message":"Server started at port 5000.","timestamp":"2019-05-03T06:10:45.348Z"}
{"level":"info","message":"Connected to database successfully.","timestamp":"2019-05-03T06:10:45.396Z"}
{"level":"info","message":"Server started at port 5000.","timestamp":"2019-05-03T06:14:46.118Z"}
{"level":"info","message":"Connected to database successfully.","timestamp":"2019-05-03T06:14:46.167Z"}
{"level":"info","message":"Server started at port 5000.","timestamp":"2019-05-03T06:15:09.665Z"}
{"level":"info","message":"Connected to database successfully.","timestamp":"2019-05-03T06:15:09.726Z"}
{"level":"info","message":"Server started at port 5000.","timestamp":"2019-05-03T06:16:10.869Z"}
{"level":"info","message":"Connected to database successfully.","timestamp":"2019-05-03T06:16:10.914Z"}
{"level":"info","message":"Server started at port 5000.","timestamp":"2019-05-03T06:18:31.875Z"}
{"level":"info","message":"Connected to database successfully.","timestamp":"2019-05-03T06:18:31.917Z"}
{"level":"error","message":"Internal server error Invalid status code: undefined","timestamp":"2019-05-03T06:18:37.259Z"}
{"level":"info","message":"Server started at port 5000.","timestamp":"2019-05-03T06:19:40.375Z"}
{"level":"info","message":"Connected to database successfully.","timestamp":"2019-05-03T06:19:40.420Z"}
{"level":"info","message":"Server started at port 5000.","timestamp":"2019-05-03T06:25:58.109Z"}
{"level":"info","message":"Connected to database successfully.","timestamp":"2019-05-03T06:25:58.176Z"}
{"level":"info","message":"Server started at port 5000.","timestamp":"2019-05-03T06:39:34.189Z"}
{"level":"info","message":"Connected to database successfully.","timestamp":"2019-05-03T06:39:34.236Z"}
{"level":"error","message":"Internal server error Invalid column name 'true'.","timestamp":"2019-05-03T06:41:53.091Z"}
{"level":"error","message":"Internal server error Invalid column name 'undefined'.","timestamp":"2019-05-03T06:43:19.370Z"}
{"level":"info","message":"Server started at port 5000.","timestamp":"2019-05-03T06:44:17.070Z"}
{"level":"info","message":"Connected to database successfully.","timestamp":"2019-05-03T06:44:17.117Z"}
{"level":"error","message":"Internal server error Invalid column name 'undefined'.","timestamp":"2019-05-03T06:44:18.680Z"}
{"level":"info","message":"Server started at port 5000.","timestamp":"2019-05-03T06:46:52.034Z"}
{"level":"info","message":"Connected to database successfully.","timestamp":"2019-05-03T06:46:52.107Z"}
{"level":"error","message":"Internal server error Invalid column name 'undefined'.","timestamp":"2019-05-03T06:46:57.637Z"}
{"level":"info","message":"Server started at port 5000.","timestamp":"2019-05-03T06:48:01.363Z"}
{"level":"info","message":"Connected to database successfully.","timestamp":"2019-05-03T06:48:01.427Z"}
{"level":"error","message":"Internal server error Invalid column name 'undefined'.","timestamp":"2019-05-03T06:48:12.912Z"}
{"level":"info","message":"Server started at port 5000.","timestamp":"2019-05-03T06:48:48.163Z"}
{"level":"info","message":"Connected to database successfully.","timestamp":"2019-05-03T06:48:48.224Z"}
{"level":"error","message":"Internal server error Invalid column name 'undefined'.","timestamp":"2019-05-03T06:48:57.567Z"}
{"level":"info","message":"Server started at port 5000.","timestamp":"2019-05-03T06:49:44.482Z"}
{"level":"info","message":"Connected to database successfully.","timestamp":"2019-05-03T06:49:44.538Z"}
{"level":"info","message":"Server started at port 5000.","timestamp":"2019-05-03T06:50:32.677Z"}
{"level":"info","message":"Connected to database successfully.","timestamp":"2019-05-03T06:50:32.736Z"}
{"level":"info","message":"Server started at port 5000.","timestamp":"2019-05-03T06:50:46.482Z"}
{"level":"info","message":"Connected to database successfully.","timestamp":"2019-05-03T06:50:46.549Z"}
{"level":"info","message":"Server started at port 5000.","timestamp":"2019-05-03T06:51:15.270Z"}
{"level":"info","message":"Connected to database successfully.","timestamp":"2019-05-03T06:51:15.325Z"}
{"level":"error","message":"Internal server error Invalid column name 'true'.","timestamp":"2019-05-03T06:51:19.244Z"}
{"level":"info","message":"Server started at port 5000.","timestamp":"2019-05-03T09:48:16.369Z"}
{"level":"info","message":"Connected to database successfully.","timestamp":"2019-05-03T09:48:16.422Z"}
{"level":"info","message":"Server started at port 5000.","timestamp":"2019-05-03T10:10:04.329Z"}
{"level":"info","message":"Connected to database successfully.","timestamp":"2019-05-03T10:10:04.377Z"}
{"level":"info","message":"Server started at port 5000.","timestamp":"2019-05-03T11:49:25.807Z"}
{"level":"info","message":"Connected to database successfully.","timestamp":"2019-05-03T11:49:25.859Z"}
{"level":"info","message":"Server started at port 5000.","timestamp":"2019-05-09T05:19:28.322Z"}
{"level":"info","message":"Connected to database successfully.","timestamp":"2019-05-09T05:19:28.411Z"}
{"level":"info","message":"query Insert into account (AccountName,UserId,IsActive) values ('Wipro','1', 1)","timestamp":"2019-05-09T05:30:28.940Z"}
{"level":"error","message":"Internal server error Invalid column name 'undefined'.","timestamp":"2019-05-09T05:30:41.823Z"}
{"level":"error","message":"Internal server error Invalid column name 'undefined'.","timestamp":"2019-05-09T05:30:45.246Z"}
{"level":"error","message":"Internal server error Invalid column name 'undefined'.","timestamp":"2019-05-09T05:30:46.501Z"}
{"level":"error","message":"Internal server error Invalid column name 'undefined'.","timestamp":"2019-05-09T05:30:50.587Z"}
{"level":"info","message":"query Insert into account (AccountName,UserId,IsActive) values ('CPQ','1', 1)","timestamp":"2019-05-09T05:30:58.838Z"}
{"level":"info","message":"query Insert into account (AccountName,UserId,IsActive) values ('Apple','1', 1)","timestamp":"2019-05-09T05:31:06.060Z"}
{"level":"error","message":"Internal server error Invalid column name 'undefined'.","timestamp":"2019-05-09T05:31:42.230Z"}
{"level":"error","message":"Internal server error Invalid column name 'undefined'.","timestamp":"2019-05-09T05:31:58.231Z"}
{"level":"info","message":"Server started at port 5000.","timestamp":"2019-05-09T05:34:01.084Z"}
{"level":"info","message":"Connected to database successfully.","timestamp":"2019-05-09T05:34:01.131Z"}
{"level":"error","message":"Internal server error Invalid column name 'undefined'.","timestamp":"2019-05-09T05:34:14.606Z"}
{"level":"info","message":"Server started at port 5000.","timestamp":"2019-05-09T05:34:59.864Z"}
{"level":"info","message":"Connected to database successfully.","timestamp":"2019-05-09T05:34:59.921Z"}
{"level":"info","message":"query Insert into account (AccountName,UserId,IsActive) values ('Infosys','1', 1)","timestamp":"2019-05-09T05:35:37.444Z"}
{"level":"info","message":"Server started at port 5000.","timestamp":"2019-05-09T05:38:16.275Z"}
{"level":"info","message":"Connected to database successfully.","timestamp":"2019-05-09T05:38:16.316Z"}
{"level":"error","message":"Internal server error Invalid column name 'undefined'.","timestamp":"2019-05-09T05:45:39.108Z"}
{"level":"info","message":"Server started at port 5000.","timestamp":"2019-05-09T05:45:53.227Z"}
{"level":"info","message":"Connected to database successfully.","timestamp":"2019-05-09T05:45:53.294Z"}
{"level":"info","message":"Server started at port 5000.","timestamp":"2019-05-09T06:09:02.498Z"}
{"level":"info","message":"Connected to database successfully.","timestamp":"2019-05-09T06:09:02.554Z"}
{"level":"info","message":"Server started at port 5000.","timestamp":"2019-05-09T06:38:12.818Z"}
{"level":"info","message":"Connected to database successfully.","timestamp":"2019-05-09T06:38:12.868Z"}
{"level":"info","message":"Server started at port 5000.","timestamp":"2019-05-09T06:49:32.068Z"}
{"level":"info","message":"Connected to database successfully.","timestamp":"2019-05-09T06:49:32.134Z"}
{"level":"info","message":"Server started at port 5000.","timestamp":"2019-05-09T10:43:44.882Z"}
{"level":"info","message":"Connected to database successfully.","timestamp":"2019-05-09T10:43:44.937Z"}
{"level":"info","message":"Server started at port 5000.","timestamp":"2019-05-09T11:34:47.779Z"}
{"level":"info","message":"Connected to database successfully.","timestamp":"2019-05-09T11:34:47.846Z"}
{"level":"info","message":"Server started at port 5000.","timestamp":"2019-05-09T11:35:43.050Z"}
{"level":"info","message":"Connected to database successfully.","timestamp":"2019-05-09T11:35:43.093Z"}
{"level":"error","message":"Internal server error Column 'Enterceptor.dbo.EmailSentimentData.LocalTimeStamp' is invalid in the select list because it is not contained in either an aggregate function or the GROUP BY clause.","timestamp":"2019-05-09T11:35:49.722Z"}
{"level":"info","message":"Server started at port 5000.","timestamp":"2019-05-09T11:36:50.809Z"}
{"level":"info","message":"Connected to database successfully.","timestamp":"2019-05-09T11:36:50.870Z"}
{"level":"info","message":"Server started at port 5000.","timestamp":"2019-05-09T11:41:47.096Z"}
{"level":"info","message":"Connected to database successfully.","timestamp":"2019-05-09T11:41:47.191Z"}
{"level":"info","message":"Server started at port 5000.","timestamp":"2019-05-10T04:05:18.573Z"}
{"message":"Database Connection Failed!","stack":"ConnectionError: Failed to connect to 192.168.101.20:1433 in 15000ms\n    at Connection.tedious.once.err (C:\\Users\\ismail.saiyyed\\Documents\\Enterceptor\\Node\\node_modules\\mssql\\lib\\tedious.js:216:17)\n    at Object.onceWrapper (events.js:273:13)\n    at Connection.emit (events.js:182:13)\n    at Connection.connectTimeout (C:\\Users\\ismail.saiyyed\\Documents\\Enterceptor\\Node\\node_modules\\tedious\\lib\\connection.js:924:12)\n    at listOnTimeout (timers.js:324:15)\n    at processTimers (timers.js:268:5)","code":"ETIMEOUT","originalError":{"message":"Failed to connect to 192.168.101.20:1433 in 15000ms","code":"ETIMEOUT"},"name":"ConnectionError","level":"error","timestamp":"2019-05-10T04:05:18.577Z"}
{"level":"error","message":"Internal server error Cannot read property 'request' of undefined","timestamp":"2019-05-10T04:14:22.792Z"}
{"level":"error","message":"Internal server error Cannot read property 'request' of undefined","timestamp":"2019-05-10T04:14:38.822Z"}
{"level":"error","message":"Internal server error Cannot read property 'request' of undefined","timestamp":"2019-05-10T04:19:02.736Z"}
{"level":"info","message":"Server started at port 5000.","timestamp":"2019-05-10T04:19:54.518Z"}
{"level":"info","message":"Connected to database successfully.","timestamp":"2019-05-10T04:19:54.567Z"}
{"level":"info","message":"Server started at port 5000.","timestamp":"2019-05-10T04:38:28.567Z"}
{"level":"info","message":"Connected to database successfully.","timestamp":"2019-05-10T04:38:28.611Z"}
{"level":"info","message":"Server started at port 5000.","timestamp":"2019-05-10T04:40:17.519Z"}
{"level":"info","message":"Connected to database successfully.","timestamp":"2019-05-10T04:40:17.570Z"}
{"level":"info","message":"Server started at port 5000.","timestamp":"2019-05-10T04:47:44.474Z"}
{"level":"info","message":"Connected to database successfully.","timestamp":"2019-05-10T04:47:44.517Z"}
{"level":"info","message":"Server started at port 5000.","timestamp":"2019-05-10T04:49:18.262Z"}
{"level":"info","message":"Connected to database successfully.","timestamp":"2019-05-10T04:49:18.309Z"}
{"level":"info","message":"Server started at port 5000.","timestamp":"2019-05-13T05:35:26.887Z"}
{"message":"Database Connection Failed!","stack":"ConnectionError: Failed to connect to 192.168.101.20:1433 in 15000ms\n    at Connection.tedious.once.err (C:\\Users\\ismail.saiyyed\\Documents\\Enterceptor\\Node\\node_modules\\mssql\\lib\\tedious.js:216:17)\n    at Object.onceWrapper (events.js:273:13)\n    at Connection.emit (events.js:182:13)\n    at Connection.connectTimeout (C:\\Users\\ismail.saiyyed\\Documents\\Enterceptor\\Node\\node_modules\\tedious\\lib\\connection.js:924:12)\n    at listOnTimeout (timers.js:324:15)\n    at processTimers (timers.js:268:5)","code":"ETIMEOUT","originalError":{"message":"Failed to connect to 192.168.101.20:1433 in 15000ms","code":"ETIMEOUT"},"name":"ConnectionError","level":"error","timestamp":"2019-05-13T05:35:26.891Z"}
{"level":"info","message":"Server started at port 5000.","timestamp":"2019-05-13T05:36:47.481Z"}
{"level":"info","message":"Connected to database successfully.","timestamp":"2019-05-13T05:36:47.682Z"}
{"level":"info","message":"Server started at port 5000.","timestamp":"2019-05-13T05:58:40.376Z"}
{"level":"info","message":"Connected to database successfully.","timestamp":"2019-05-13T05:58:40.482Z"}
{"level":"info","message":"Server started at port 5000.","timestamp":"2019-05-13T06:03:22.999Z"}
{"level":"info","message":"Connected to database successfully.","timestamp":"2019-05-13T06:03:23.055Z"}
{"level":"info","message":"Server started at port 5000.","timestamp":"2019-05-13T06:21:02.639Z"}
{"level":"info","message":"Connected to database successfully.","timestamp":"2019-05-13T06:21:02.745Z"}
{"level":"info","message":"Server started at port 5000.","timestamp":"2019-05-13T09:23:04.747Z"}
{"level":"info","message":"Connected to database successfully.","timestamp":"2019-05-13T09:23:04.793Z"}
{"level":"info","message":"Server started at port 5000.","timestamp":"2019-05-13T11:43:17.373Z"}
{"level":"info","message":"Connected to database successfully.","timestamp":"2019-05-13T11:43:17.465Z"}
{"level":"info","message":"Server started at port 5000.","timestamp":"2019-05-13T12:11:04.442Z"}
{"level":"info","message":"Connected to database successfully.","timestamp":"2019-05-13T12:11:04.516Z"}
{"level":"info","message":"Server started at port 5000.","timestamp":"2019-05-14T08:29:29.005Z"}
{"message":"Database Connection Failed!","stack":"ConnectionError: Failed to connect to 192.168.101.20:1433 in 15000ms\n    at Connection.tedious.once.err (C:\\Users\\ismail.saiyyed\\OneDrive\\Enterceptor\\NodeServerAPI_Enterceptor\\node_modules\\mssql\\lib\\tedious.js:216:17)\n    at Object.onceWrapper (events.js:285:20)\n    at Connection.emit (events.js:197:13)\n    at Connection.connectTimeout (C:\\Users\\ismail.saiyyed\\OneDrive\\Enterceptor\\NodeServerAPI_Enterceptor\\node_modules\\tedious\\lib\\connection.js:924:12)\n    at listOnTimeout (timers.js:327:15)\n    at processTimers (timers.js:271:5)","code":"ETIMEOUT","originalError":{"message":"Failed to connect to 192.168.101.20:1433 in 15000ms","code":"ETIMEOUT"},"name":"ConnectionError","level":"error","timestamp":"2019-05-14T08:29:29.013Z"}
{"level":"info","message":"Server started at port 5000.","timestamp":"2019-05-14T08:45:37.129Z"}
{"level":"info","message":"Connected to database successfully.","timestamp":"2019-05-14T08:45:37.291Z"}
{"level":"error","message":"Internal server error ResourceRequest timed out","timestamp":"2019-05-14T09:26:07.683Z"}
{"level":"error","message":"Internal server error ResourceRequest timed out","timestamp":"2019-05-14T09:26:29.571Z"}
{"level":"info","message":"Server started at port 5000.","timestamp":"2019-05-14T09:27:08.728Z"}
{"message":"Database Connection Failed!","stack":"ConnectionError: Failed to connect to 192.168.101.20:1433 - connect EHOSTUNREACH 192.168.101.20:1433\n    at Connection.tedious.once.err (C:\\Users\\ismail.saiyyed\\OneDrive\\Enterceptor\\NodeServerAPI_Enterceptor\\node_modules\\mssql\\lib\\tedious.js:216:17)\n    at Object.onceWrapper (events.js:285:20)\n    at Connection.emit (events.js:197:13)\n    at Connection.socketError (C:\\Users\\ismail.saiyyed\\OneDrive\\Enterceptor\\NodeServerAPI_Enterceptor\\node_modules\\tedious\\lib\\connection.js:1004:14)\n    at C:\\Users\\ismail.saiyyed\\OneDrive\\Enterceptor\\NodeServerAPI_Enterceptor\\node_modules\\tedious\\lib\\connection.js:869:25\n    at Socket.onError (C:\\Users\\ismail.saiyyed\\OneDrive\\Enterceptor\\NodeServerAPI_Enterceptor\\node_modules\\tedious\\lib\\connector.js:49:9)\n    at Socket.emit (events.js:197:13)\n    at emitErrorNT (internal/streams/destroy.js:91:8)\n    at emitErrorAndCloseNT (internal/streams/destroy.js:59:3)\n    at processTicksAndRejections (internal/process/next_tick.js:76:17)","code":"ESOCKET","originalError":{"message":"Failed to connect to 192.168.101.20:1433 - connect EHOSTUNREACH 192.168.101.20:1433","code":"ESOCKET"},"name":"ConnectionError","level":"error","timestamp":"2019-05-14T09:27:08.734Z"}
{"level":"info","message":"Server started at port 5000.","timestamp":"2019-05-14T09:28:02.441Z"}
{"message":"Database Connection Failed!","stack":"ConnectionError: Failed to connect to 192.168.101.20:1433 - connect EHOSTUNREACH 192.168.101.20:1433\n    at Connection.tedious.once.err (C:\\Users\\ismail.saiyyed\\OneDrive\\Enterceptor\\NodeServerAPI_Enterceptor\\node_modules\\mssql\\lib\\tedious.js:216:17)\n    at Object.onceWrapper (events.js:285:20)\n    at Connection.emit (events.js:197:13)\n    at Connection.socketError (C:\\Users\\ismail.saiyyed\\OneDrive\\Enterceptor\\NodeServerAPI_Enterceptor\\node_modules\\tedious\\lib\\connection.js:1004:14)\n    at C:\\Users\\ismail.saiyyed\\OneDrive\\Enterceptor\\NodeServerAPI_Enterceptor\\node_modules\\tedious\\lib\\connection.js:869:25\n    at Socket.onError (C:\\Users\\ismail.saiyyed\\OneDrive\\Enterceptor\\NodeServerAPI_Enterceptor\\node_modules\\tedious\\lib\\connector.js:49:9)\n    at Socket.emit (events.js:197:13)\n    at emitErrorNT (internal/streams/destroy.js:91:8)\n    at emitErrorAndCloseNT (internal/streams/destroy.js:59:3)\n    at processTicksAndRejections (internal/process/next_tick.js:76:17)","code":"ESOCKET","originalError":{"message":"Failed to connect to 192.168.101.20:1433 - connect EHOSTUNREACH 192.168.101.20:1433","code":"ESOCKET"},"name":"ConnectionError","level":"error","timestamp":"2019-05-14T09:28:02.447Z"}
{"level":"info","message":"Server started at port 5000.","timestamp":"2019-05-14T09:28:30.424Z"}
{"message":"Database Connection Failed!","stack":"ConnectionError: Failed to connect to 192.168.101.20:1433 - connect EHOSTUNREACH 192.168.101.20:1433\n    at Connection.tedious.once.err (C:\\Users\\ismail.saiyyed\\OneDrive\\Enterceptor\\NodeServerAPI_Enterceptor\\node_modules\\mssql\\lib\\tedious.js:216:17)\n    at Object.onceWrapper (events.js:285:20)\n    at Connection.emit (events.js:197:13)\n    at Connection.socketError (C:\\Users\\ismail.saiyyed\\OneDrive\\Enterceptor\\NodeServerAPI_Enterceptor\\node_modules\\tedious\\lib\\connection.js:1004:14)\n    at C:\\Users\\ismail.saiyyed\\OneDrive\\Enterceptor\\NodeServerAPI_Enterceptor\\node_modules\\tedious\\lib\\connection.js:869:25\n    at Socket.onError (C:\\Users\\ismail.saiyyed\\OneDrive\\Enterceptor\\NodeServerAPI_Enterceptor\\node_modules\\tedious\\lib\\connector.js:49:9)\n    at Socket.emit (events.js:197:13)\n    at emitErrorNT (internal/streams/destroy.js:91:8)\n    at emitErrorAndCloseNT (internal/streams/destroy.js:59:3)\n    at processTicksAndRejections (internal/process/next_tick.js:76:17)","code":"ESOCKET","originalError":{"message":"Failed to connect to 192.168.101.20:1433 - connect EHOSTUNREACH 192.168.101.20:1433","code":"ESOCKET"},"name":"ConnectionError","level":"error","timestamp":"2019-05-14T09:28:30.430Z"}
{"level":"info","message":"Server started at port 5000.","timestamp":"2019-05-14T09:52:58.479Z"}
{"level":"info","message":"Connected to database successfully.","timestamp":"2019-05-14T09:52:58.528Z"}
{"level":"info","message":"Server started at port 5000.","timestamp":"2019-05-15T07:14:01.097Z"}
{"level":"info","message":"Connected to database successfully.","timestamp":"2019-05-15T07:14:01.167Z"}
{"level":"info","message":"Server started at port 5000.","timestamp":"2019-05-15T07:16:05.700Z"}
{"level":"info","message":"Connected to database successfully.","timestamp":"2019-05-15T07:16:05.771Z"}
{"level":"info","message":"Server started at port 5000.","timestamp":"2019-05-15T07:20:57.050Z"}
{"level":"info","message":"Connected to database successfully.","timestamp":"2019-05-15T07:20:57.128Z"}
{"level":"info","message":"Server started at port 5000.","timestamp":"2019-05-16T04:57:51.055Z"}
{"level":"info","message":"Connected to database successfully.","timestamp":"2019-05-16T04:57:51.177Z"}
{"level":"info","message":"Server started at port 5000.","timestamp":"2019-05-16T07:05:36.004Z"}
{"level":"info","message":"Connected to database successfully.","timestamp":"2019-05-16T07:05:36.064Z"}
{"level":"error","message":"Internal server error Invalid column name 'LastSync'.","timestamp":"2019-05-16T07:06:09.277Z"}
{"level":"error","message":"Internal server error Invalid column name 'LastSync'.","timestamp":"2019-05-16T07:06:24.315Z"}
{"level":"info","message":"Server started at port 5000.","timestamp":"2019-05-16T07:06:45.016Z"}
{"level":"info","message":"Connected to database successfully.","timestamp":"2019-05-16T07:06:45.077Z"}
{"level":"error","message":"Internal server error Invalid column name 'undefined'.","timestamp":"2019-05-16T07:27:40.828Z"}
{"level":"error","message":"Internal server error Invalid column name 'undefined'.","timestamp":"2019-05-16T07:27:54.949Z"}
{"level":"info","message":"Server started at port 5000.","timestamp":"2019-05-16T08:56:14.874Z"}
{"level":"info","message":"Connected to database successfully.","timestamp":"2019-05-16T08:56:14.995Z"}
{"level":"error","message":"Internal server error Invalid column name 'undefined'.","timestamp":"2019-05-16T09:10:56.458Z"}
{"level":"info","message":"Server started at port 5000.","timestamp":"2019-05-16T10:36:42.947Z"}
{"level":"info","message":"Connected to database successfully.","timestamp":"2019-05-16T10:36:43.024Z"}
{"level":"info","message":"Server started at port 5000.","timestamp":"2019-05-16T10:36:48.869Z"}
{"level":"info","message":"Connected to database successfully.","timestamp":"2019-05-16T10:36:48.934Z"}
